<?xml version="1.0" encoding="UTF-8"?>
<testng-results ignored="0" total="2" passed="2" failed="0" skipped="0">
  <reporter-output>
    <line>
      <![CDATA[Err Msg is Displayed]]>
    </line>
    <line>
      <![CDATA[Err Msg is Displayed]]>
    </line>
  </reporter-output>
  <suite started-at="2023-06-21T07:33:05Z" name="Default suite" finished-at="2023-06-21T07:33:39Z" duration-ms="33764">
    <groups>
    </groups>
    <test started-at="2023-06-21T07:33:05Z" name="Default test" finished-at="2023-06-21T07:33:39Z" duration-ms="33764">
      <class name="script.InvalidLogin2">
        <test-method is-config="true" signature="intReport(java.lang.String)[pri:0, instance:script.InvalidLogin2@5884a914]" started-at="2023-06-21T07:33:04Z" name="intReport" finished-at="2023-06-21T07:33:05Z" duration-ms="678" status="PASS">
          <params>
            <param index="0">
              <value>
                <![CDATA[report/Spark.html]]>
              </value>
            </param>
          </params>
          <reporter-output>
          </reporter-output>
        </test-method> <!-- intReport -->
        <test-method is-config="true" signature="preCondition(java.lang.String, java.lang.String, java.lang.String, java.lang.reflect.Method)[pri:0, instance:script.InvalidLogin2@5884a914]" started-at="2023-06-21T07:33:05Z" name="preCondition" finished-at="2023-06-21T07:33:19Z" duration-ms="13546" status="PASS">
          <params>
            <param index="0">
              <value>
                <![CDATA[https://demo.actitime.com/login.do]]>
              </value>
            </param>
            <param index="1">
              <value>
                <![CDATA[no]]>
              </value>
            </param>
            <param index="2">
              <value>
                <![CDATA[prod.properties]]>
              </value>
            </param>
            <param index="3">
              <value>
                <![CDATA[public void script.InvalidLogin2.testInvalidLogin(java.lang.String,java.lang.String)]]>
              </value>
            </param>
          </params>
          <reporter-output>
          </reporter-output>
        </test-method> <!-- preCondition -->
        <test-method signature="testInvalidLogin(java.lang.String, java.lang.String)[pri:3, instance:script.InvalidLogin2@5884a914]" started-at="2023-06-21T07:33:19Z" name="testInvalidLogin" data-provider="getData" finished-at="2023-06-21T07:33:22Z" duration-ms="3014" status="PASS">
          <params>
            <param index="0">
              <value>
                <![CDATA[abcd123]]>
              </value>
            </param>
            <param index="1">
              <value>
                <![CDATA[xyz456]]>
              </value>
            </param>
          </params>
          <reporter-output>
            <line>
              <![CDATA[Err Msg is Displayed]]>
            </line>
          </reporter-output>
        </test-method> <!-- testInvalidLogin -->
        <test-method is-config="true" signature="postCondition(org.testng.ITestResult)[pri:0, instance:script.InvalidLogin2@5884a914]" started-at="2023-06-21T07:33:22Z" name="postCondition" finished-at="2023-06-21T07:33:23Z" duration-ms="1695" status="PASS">
          <params>
            <param index="0">
              <value>
                <![CDATA[[TestResult name=testInvalidLogin status=SUCCESS method=InvalidLogin2.testInvalidLogin(java.lang.String, java.lang.String)[pri:3, instance:script.InvalidLogin2@5884a914] output=Err Msg is Displayed]]]>
              </value>
            </param>
          </params>
          <reporter-output>
          </reporter-output>
        </test-method> <!-- postCondition -->
        <test-method is-config="true" signature="preCondition(java.lang.String, java.lang.String, java.lang.String, java.lang.reflect.Method)[pri:0, instance:script.InvalidLogin2@5884a914]" started-at="2023-06-21T07:33:23Z" name="preCondition" finished-at="2023-06-21T07:33:34Z" duration-ms="11078" status="PASS">
          <params>
            <param index="0">
              <value>
                <![CDATA[https://demo.actitime.com/login.do]]>
              </value>
            </param>
            <param index="1">
              <value>
                <![CDATA[no]]>
              </value>
            </param>
            <param index="2">
              <value>
                <![CDATA[prod.properties]]>
              </value>
            </param>
            <param index="3">
              <value>
                <![CDATA[public void script.InvalidLogin2.testInvalidLogin(java.lang.String,java.lang.String)]]>
              </value>
            </param>
          </params>
          <reporter-output>
          </reporter-output>
        </test-method> <!-- preCondition -->
        <test-method signature="testInvalidLogin(java.lang.String, java.lang.String)[pri:3, instance:script.InvalidLogin2@5884a914]" started-at="2023-06-21T07:33:34Z" name="testInvalidLogin" data-provider="getData" finished-at="2023-06-21T07:33:37Z" duration-ms="2855" status="PASS">
          <params>
            <param index="0">
              <value>
                <![CDATA[admin]]>
              </value>
            </param>
            <param index="1">
              <value>
                <![CDATA[damager]]>
              </value>
            </param>
          </params>
          <reporter-output>
            <line>
              <![CDATA[Err Msg is Displayed]]>
            </line>
          </reporter-output>
        </test-method> <!-- testInvalidLogin -->
        <test-method is-config="true" signature="postCondition(org.testng.ITestResult)[pri:0, instance:script.InvalidLogin2@5884a914]" started-at="2023-06-21T07:33:37Z" name="postCondition" finished-at="2023-06-21T07:33:39Z" duration-ms="1471" status="PASS">
          <params>
            <param index="0">
              <value>
                <![CDATA[[TestResult name=testInvalidLogin status=SUCCESS method=InvalidLogin2.testInvalidLogin(java.lang.String, java.lang.String)[pri:3, instance:script.InvalidLogin2@5884a914] output=Err Msg is Displayed]]]>
              </value>
            </param>
          </params>
          <reporter-output>
          </reporter-output>
        </test-method> <!-- postCondition -->
        <test-method is-config="true" signature="generateReport()[pri:0, instance:script.InvalidLogin2@5884a914]" started-at="2023-06-21T07:33:39Z" name="generateReport" finished-at="2023-06-21T07:33:39Z" duration-ms="385" status="PASS">
          <reporter-output>
          </reporter-output>
        </test-method> <!-- generateReport -->
      </class> <!-- script.InvalidLogin2 -->
    </test> <!-- Default test -->
  </suite> <!-- Default suite -->
</testng-results>
